Beginning WRF with 4 cycles in Incrementally mode

WRF with 1 CPU(s) started
Start: qua 04 set 2024 12:35:05 WEST
Finish: qua 04 set 2024 12:35:05 WEST

rsl.error.0000 result:
 ids,ide,jds,jde            1          74           1          61
 ims,ime,jms,jme           -4          44          -4          37
 ips,ipe,jps,jpe            1          37           1          30
 *************************************
DYNAMICS OPTION: Eulerian Mass Coordinate
   alloc_space_field: domain            1 ,              73835556  bytes allocated
  med_initialdata_input: calling input_input
   Input data is acceptable to use: wrfinput_d01
 CURRENT DATE          = 2024-08-25_00:00:00
 SIMULATION START DATE = 2024-08-25_00:00:00

rsl.out.0000 result:
 ids,ide,jds,jde            1          74           1          61
 ims,ime,jms,jme           -4          44          -4          37
 ips,ipe,jps,jpe            1          37           1          30
 *************************************
DYNAMICS OPTION: Eulerian Mass Coordinate
   alloc_space_field: domain            1 ,              73835556  bytes allocated
  med_initialdata_input: calling input_input
   Input data is acceptable to use: wrfinput_d01
 CURRENT DATE          = 2024-08-25_00:00:00
 SIMULATION START DATE = 2024-08-25_00:00:00

WRF with 1 CPU(s) finished

WRF with 2 CPU(s) started
Start: qua 04 set 2024 12:35:05 WEST
Finish: qua 04 set 2024 12:35:05 WEST

rsl.error.0000 result:
 ids,ide,jds,jde            1          74           1          61
 ims,ime,jms,jme           -4          44          -4          37
 ips,ipe,jps,jpe            1          37           1          30
 *************************************
DYNAMICS OPTION: Eulerian Mass Coordinate
   alloc_space_field: domain            1 ,              73835556  bytes allocated
  med_initialdata_input: calling input_input
   Input data is acceptable to use: wrfinput_d01
 CURRENT DATE          = 2024-08-25_00:00:00
 SIMULATION START DATE = 2024-08-25_00:00:00

rsl.out.0000 result:
 ids,ide,jds,jde            1          74           1          61
 ims,ime,jms,jme           -4          44          -4          37
 ips,ipe,jps,jpe            1          37           1          30
 *************************************
DYNAMICS OPTION: Eulerian Mass Coordinate
   alloc_space_field: domain            1 ,              73835556  bytes allocated
  med_initialdata_input: calling input_input
   Input data is acceptable to use: wrfinput_d01
 CURRENT DATE          = 2024-08-25_00:00:00
 SIMULATION START DATE = 2024-08-25_00:00:00

rsl.error.0001 result:
 ids,ide,jds,jde            1          74           1          61
 ims,ime,jms,jme           31          79          -4          37
 ips,ipe,jps,jpe           38          74           1          30
 *************************************
DYNAMICS OPTION: Eulerian Mass Coordinate
   alloc_space_field: domain            1 ,              73835556  bytes allocated
  med_initialdata_input: calling input_input
   Input data is acceptable to use:
 CURRENT DATE          = 2024-08-25_00:00:00
 SIMULATION START DATE = 2024-08-25_00:00:00

rsl.out.0001 result:
 ids,ide,jds,jde            1          74           1          61
 ims,ime,jms,jme           31          79          -4          37
 ips,ipe,jps,jpe           38          74           1          30
 *************************************
DYNAMICS OPTION: Eulerian Mass Coordinate
   alloc_space_field: domain            1 ,              73835556  bytes allocated
  med_initialdata_input: calling input_input
   Input data is acceptable to use:
 CURRENT DATE          = 2024-08-25_00:00:00
 SIMULATION START DATE = 2024-08-25_00:00:00

WRF with 2 CPU(s) finished

WRF with 3 CPU(s) started
Start: qua 04 set 2024 12:35:05 WEST
Finish: qua 04 set 2024 12:35:05 WEST

rsl.error.0000 result:
 ids,ide,jds,jde            1          74           1          61
 ims,ime,jms,jme           -4          44          -4          37
 ips,ipe,jps,jpe            1          37           1          30
 *************************************
DYNAMICS OPTION: Eulerian Mass Coordinate
   alloc_space_field: domain            1 ,              73835556  bytes allocated
  med_initialdata_input: calling input_input
   Input data is acceptable to use: wrfinput_d01
 CURRENT DATE          = 2024-08-25_00:00:00
 SIMULATION START DATE = 2024-08-25_00:00:00

rsl.out.0000 result:
 ids,ide,jds,jde            1          74           1          61
 ims,ime,jms,jme           -4          44          -4          37
 ips,ipe,jps,jpe            1          37           1          30
 *************************************
DYNAMICS OPTION: Eulerian Mass Coordinate
   alloc_space_field: domain            1 ,              73835556  bytes allocated
  med_initialdata_input: calling input_input
   Input data is acceptable to use: wrfinput_d01
 CURRENT DATE          = 2024-08-25_00:00:00
 SIMULATION START DATE = 2024-08-25_00:00:00

rsl.error.0001 result:
 ids,ide,jds,jde            1          74           1          61
 ims,ime,jms,jme           31          79          -4          37
 ips,ipe,jps,jpe           38          74           1          30
 *************************************
DYNAMICS OPTION: Eulerian Mass Coordinate
   alloc_space_field: domain            1 ,              73835556  bytes allocated
  med_initialdata_input: calling input_input
   Input data is acceptable to use:
 CURRENT DATE          = 2024-08-25_00:00:00
 SIMULATION START DATE = 2024-08-25_00:00:00

rsl.out.0001 result:
 ids,ide,jds,jde            1          74           1          61
 ims,ime,jms,jme           31          79          -4          37
 ips,ipe,jps,jpe           38          74           1          30
 *************************************
DYNAMICS OPTION: Eulerian Mass Coordinate
   alloc_space_field: domain            1 ,              73835556  bytes allocated
  med_initialdata_input: calling input_input
   Input data is acceptable to use:
 CURRENT DATE          = 2024-08-25_00:00:00
 SIMULATION START DATE = 2024-08-25_00:00:00

rsl.error.0002 result:
 ids,ide,jds,jde            1          74           1          61
 ims,ime,jms,jme           -4          44          24          66
 ips,ipe,jps,jpe            1          37          31          61
 *************************************
DYNAMICS OPTION: Eulerian Mass Coordinate
   alloc_space_field: domain            1 ,              75410684  bytes allocated
  med_initialdata_input: calling input_input
   Input data is acceptable to use:
 CURRENT DATE          = 2024-08-25_00:00:00
 SIMULATION START DATE = 2024-08-25_00:00:00

rsl.out.0002 result:
 ids,ide,jds,jde            1          74           1          61
 ims,ime,jms,jme           -4          44          24          66
 ips,ipe,jps,jpe            1          37          31          61
 *************************************
DYNAMICS OPTION: Eulerian Mass Coordinate
   alloc_space_field: domain            1 ,              75410684  bytes allocated
  med_initialdata_input: calling input_input
   Input data is acceptable to use:
 CURRENT DATE          = 2024-08-25_00:00:00
 SIMULATION START DATE = 2024-08-25_00:00:00

WRF with 3 CPU(s) finished

WRF with 4 CPU(s) started
Start: qua 04 set 2024 12:35:05 WEST
Finish: qua 04 set 2024 12:35:05 WEST

rsl.error.0000 result:
 ids,ide,jds,jde            1          74           1          61
 ims,ime,jms,jme           -4          44          -4          37
 ips,ipe,jps,jpe            1          37           1          30
 *************************************
DYNAMICS OPTION: Eulerian Mass Coordinate
   alloc_space_field: domain            1 ,              73835556  bytes allocated
  med_initialdata_input: calling input_input
   Input data is acceptable to use: wrfinput_d01
 CURRENT DATE          = 2024-08-25_00:00:00
 SIMULATION START DATE = 2024-08-25_00:00:00

rsl.out.0000 result:
 ids,ide,jds,jde            1          74           1          61
 ims,ime,jms,jme           -4          44          -4          37
 ips,ipe,jps,jpe            1          37           1          30
 *************************************
DYNAMICS OPTION: Eulerian Mass Coordinate
   alloc_space_field: domain            1 ,              73835556  bytes allocated
  med_initialdata_input: calling input_input
   Input data is acceptable to use: wrfinput_d01
 CURRENT DATE          = 2024-08-25_00:00:00
 SIMULATION START DATE = 2024-08-25_00:00:00

rsl.error.0001 result:
 ids,ide,jds,jde            1          74           1          61
 ims,ime,jms,jme           31          79          -4          37
 ips,ipe,jps,jpe           38          74           1          30
 *************************************
DYNAMICS OPTION: Eulerian Mass Coordinate
   alloc_space_field: domain            1 ,              73835556  bytes allocated
  med_initialdata_input: calling input_input
   Input data is acceptable to use:
 CURRENT DATE          = 2024-08-25_00:00:00
 SIMULATION START DATE = 2024-08-25_00:00:00

rsl.out.0001 result:
 ids,ide,jds,jde            1          74           1          61
 ims,ime,jms,jme           31          79          -4          37
 ips,ipe,jps,jpe           38          74           1          30
 *************************************
DYNAMICS OPTION: Eulerian Mass Coordinate
   alloc_space_field: domain            1 ,              73835556  bytes allocated
  med_initialdata_input: calling input_input
   Input data is acceptable to use:
 CURRENT DATE          = 2024-08-25_00:00:00
 SIMULATION START DATE = 2024-08-25_00:00:00

rsl.error.0002 result:
 ids,ide,jds,jde            1          74           1          61
 ims,ime,jms,jme           -4          44          24          66
 ips,ipe,jps,jpe            1          37          31          61
 *************************************
DYNAMICS OPTION: Eulerian Mass Coordinate
   alloc_space_field: domain            1 ,              75410684  bytes allocated
  med_initialdata_input: calling input_input
   Input data is acceptable to use:
 CURRENT DATE          = 2024-08-25_00:00:00
 SIMULATION START DATE = 2024-08-25_00:00:00

rsl.out.0002 result:
 ids,ide,jds,jde            1          74           1          61
 ims,ime,jms,jme           -4          44          24          66
 ips,ipe,jps,jpe            1          37          31          61
 *************************************
DYNAMICS OPTION: Eulerian Mass Coordinate
   alloc_space_field: domain            1 ,              75410684  bytes allocated
  med_initialdata_input: calling input_input
   Input data is acceptable to use:
 CURRENT DATE          = 2024-08-25_00:00:00
 SIMULATION START DATE = 2024-08-25_00:00:00

rsl.error.0003 result:
 ids,ide,jds,jde            1          74           1          61
 ims,ime,jms,jme           31          79          24          66
 ips,ipe,jps,jpe           38          74          31          61
 *************************************
DYNAMICS OPTION: Eulerian Mass Coordinate
   alloc_space_field: domain            1 ,              75410684  bytes allocated
  med_initialdata_input: calling input_input
   Input data is acceptable to use:
 CURRENT DATE          = 2024-08-25_00:00:00
 SIMULATION START DATE = 2024-08-25_00:00:00

rsl.out.0003 result:
 ids,ide,jds,jde            1          74           1          61
 ims,ime,jms,jme           31          79          24          66
 ips,ipe,jps,jpe           38          74          31          61
 *************************************
DYNAMICS OPTION: Eulerian Mass Coordinate
   alloc_space_field: domain            1 ,              75410684  bytes allocated
  med_initialdata_input: calling input_input
   Input data is acceptable to use:
 CURRENT DATE          = 2024-08-25_00:00:00
 SIMULATION START DATE = 2024-08-25_00:00:00

WRF with 4 CPU(s) finished
